This is pdfeTeXk, Version 3.141592-1.11a-2.1 (Web2c 7.5.2) (format=pdflatex_ml 2004.5.10)  28 SEP 2013 21:56
 %&-line parsing enabled.
 (c:\swp55\TCITeX/web2c/cp8bit.tcx)
**&pdflatex_ml C:/Users/Jessy/AppData/Local/Temp/swp0000.tex
(c:/Users/Jessy/AppData/Local/Temp/swp0000.tex{c:\swp55\TCITeX/pdftex/config/pd
ftex.cfg}
LaTeX2e <2003/12/01>
Babel <v3.8a> and hyphenation patterns for american, english, french, german, n
german, loaded.
(c:\swp55\TCITeX/tex/latex/base/article.cls
Document Class: article 2004/02/16 v1.4f Standard LaTeX document class
(c:\swp55\TCITeX/tex/latex/base/size10.clo
File: size10.clo 2004/02/16 v1.4f Standard LaTeX file (size option)
)
\c@part=\count79
\c@section=\count80
\c@subsection=\count81
\c@subsubsection=\count82
\c@paragraph=\count83
\c@subparagraph=\count84
\c@figure=\count85
\c@table=\count86
\abovecaptionskip=\skip41
\belowcaptionskip=\skip42
\bibindent=\dimen102
)
(c:\swp55\TCITeX/tex/latex/required/graphics/graphicx.sty
Package: graphicx 1999/02/16 v1.0f Enhanced LaTeX Graphics (DPC,SPQR)

(c:\swp55\TCITeX/tex/latex/required/graphics/keyval.sty
Package: keyval 1999/03/16 v1.13 key=value parser (DPC)
\KV@toks@=\toks14
)
(c:\swp55\TCITeX/tex/latex/required/graphics/graphics.sty
Package: graphics 2001/07/07 v1.0n Standard LaTeX Graphics (DPC,SPQR)

(c:\swp55\TCITeX/tex/latex/required/graphics/trig.sty
Package: trig 1999/03/16 v1.09 sin cos tan (DPC)
)
(c:\swp55\TCITeX/tex/latex/required/graphics/graphics.cfg
File: graphics.cfg 
)
Package graphics Info: Driver file: pdftex.def on input line 80.

(c:\swp55\TCITeX/tex/latex/required/graphics/pdftex.def
File: pdftex.def 2002/06/19 v0.03k graphics/color for pdftex
\Gread@gobject=\count87
))
\Gin@req@height=\dimen103
\Gin@req@width=\dimen104
)
\c@theorem=\count88

(c:\swp55\TCITeX/tex/latex/SWmacros/tcilatex.tex
TCILATEX Macros for Scientific Word and Scientific WorkPlace 5.5 <06 Oct 2005>.

NOTICE: This macro file is NOT proprietary and may be freely copied and distrib
uted.
\msipdfoutput=\count89
\@hour=\count90
\@minute=\count91
\GRAPHICSTYPE=\count92
\@msidraft=\count93
\dispkind=\count94
\c@chapter=\count95
\theight=\dimen105
LaTeX Info: Redefining \rm on input line 653.
LaTeX Info: Redefining \sf on input line 654.
LaTeX Info: Redefining \tt on input line 655.
LaTeX Info: Redefining \bf on input line 656.
LaTeX Info: Redefining \it on input line 657.
LaTeX Info: Redefining \sl on input line 658.
LaTeX Info: Redefining \sc on input line 659.
\c@equationnumber=\count96
\temptoksa=\toks15
\temptoksb=\toks16
\temptoksc=\toks17
(c:\swp55\TCITeX/tex/latex/amsmath/amsmath.sty
Package: amsmath 2000/07/18 v2.13 AMS math features
\@mathmargin=\skip43

For additional information on amsmath, use the `?' option.
(c:\swp55\TCITeX/tex/latex/amsmath/amstext.sty
Package: amstext 2000/06/29 v2.01

(c:\swp55\TCITeX/tex/latex/amsmath/amsgen.sty
File: amsgen.sty 1999/11/30 v2.0
\@emptytoks=\toks18
\ex@=\dimen106
))
(c:\swp55\TCITeX/tex/latex/amsmath/amsbsy.sty
Package: amsbsy 1999/11/29 v1.2d
\pmbraise@=\dimen107
)
(c:\swp55\TCITeX/tex/latex/amsmath/amsopn.sty
Package: amsopn 1999/12/14 v2.01 operator names
)
\inf@bad=\count97
LaTeX Info: Redefining \frac on input line 211.
\uproot@=\count98
\leftroot@=\count99
LaTeX Info: Redefining \overline on input line 307.
\classnum@=\count100
\DOTSCASE@=\count101
LaTeX Info: Redefining \ldots on input line 379.
LaTeX Info: Redefining \dots on input line 382.
LaTeX Info: Redefining \cdots on input line 467.
\Mathstrutbox@=\box26
\strutbox@=\box27
\big@size=\dimen108
LaTeX Font Info:    Redeclaring font encoding OML on input line 567.
LaTeX Font Info:    Redeclaring font encoding OMS on input line 568.
\macc@depth=\count102
\c@MaxMatrixCols=\count103
\dotsspace@=\muskip10
\c@parentequation=\count104
\dspbrk@lvl=\count105
\tag@help=\toks19
\row@=\count106
\column@=\count107
\maxfields@=\count108
\andhelp@=\toks20
\eqnshift@=\dimen109
\alignsep@=\dimen110
\tagshift@=\dimen111
\tagwidth@=\dimen112
\totwidth@=\dimen113
\lineht@=\dimen114
\@envbody=\toks21
\multlinegap=\skip44
\multlinetaggap=\skip45
\mathdisplay@stack=\toks22
LaTeX Info: Redefining \[ on input line 2666.
LaTeX Info: Redefining \] on input line 2667.
))
No file swp0000.aux.
\openout1 = `swp0000.aux'.

LaTeX Font Info:    Checking defaults for OML/cmm/m/it on input line 40.
LaTeX Font Info:    ... okay on input line 40.
LaTeX Font Info:    Checking defaults for T1/cmr/m/n on input line 40.
LaTeX Font Info:    ... okay on input line 40.
LaTeX Font Info:    Checking defaults for OT1/cmr/m/n on input line 40.
LaTeX Font Info:    ... okay on input line 40.
LaTeX Font Info:    Checking defaults for OMS/cmsy/m/n on input line 40.
LaTeX Font Info:    ... okay on input line 40.
LaTeX Font Info:    Checking defaults for OMX/cmex/m/n on input line 40.
LaTeX Font Info:    ... okay on input line 40.
LaTeX Font Info:    Checking defaults for U/cmr/m/n on input line 40.
LaTeX Font Info:    ... okay on input line 40.

<C:/Users/Jessy/AppData/Local/Temp/graphics/MTV4BT00__1.pdf, id=1, 537.50108pt 
x 605.27632pt>
File: C:/Users/Jessy/AppData/Local/Temp/graphics/MTV4BT00__1.pdf Graphic file (
type pdf)

<use C:/Users/Jessy/AppData/Local/Temp/graphics/MTV4BT00__1.pdf>
Overfull \hbox (199.11845pt too wide) in paragraph at lines 54--55
 [] 
 []


LaTeX Warning: Float too large for page by 74.02364pt on input line 55.


Overfull \hbox (40.46683pt too wide) in paragraph at lines 111--114
[]$[][] [][] /cmr10/=: /cmmi10/f/cmr10/(/cmmi10/d[]; :::; d[]/cmr10/)$ 
 []


Overfull \hbox (2.74518pt too wide) in paragraph at lines 174--178
[]$[] /cmmi10/y[]z[]a[] /cmr10/= /cmmi10/d[] [] x[]y[]z[] /cmr10/+ /cmmi10/d[] 
[] y[]z[] /cmr10/+ /cmmi10/d[] [] y[]z[] /cmr10/+ /cmmi10/d[] [] /cmr10/2/cmmi1
0/x[]y[]z[] /cmr10/+ /cmmi10/d[] [] /cmr10/2/cmmi10/x[]y[]z[] /cmr10/+
 []

[1

{c:\swp55\TCITeX/pdftex/config/TrueTeX.map}{c:\swp55\TCITeX/pdftex/config/WinFo
nts.map}{c:\swp55\TCITeX/pdftex/config/msi.map}] [2 <c:/Users/Jessy/AppData/Loc
al/Temp/graphics/MTV4BT00__1.pdf>]
Overfull \hbox (13.09764pt too wide) in paragraph at lines 183--201
[]$/cmmi10/A /cmr10/= []$ 
 []

[3] (./swp0000.aux) ) 
Here is how much of TeX's memory you used:
 1450 strings out of 95282
 15971 string characters out of 1187734
 75541 words of memory out of 1521691
 4513 multiletter control sequences out of 10000+50000
 8808 words of font info for 25 fonts, out of 1000000 for 2000
 22 hyphenation exceptions out of 1000
 29i,9n,20p,421b,313s stack positions out of 5000i,500n,6000p,200000b,40000s
 44 PDF objects out of 300000
 0 named destinations out of 131072
 6 words of extra memory for PDF output out of 65536
{c:\swp55\TCITeX/fonts/type1/cmsy7.enc}<c:\swp55\TCITeX/fo
nts/truetype/cmsy7.ttf>{c:\swp55\TCITeX/fonts/type1/cmr5.enc}<c:\swp55\TCITeX/f
onts/truetype/cmr5.ttf>{c:\swp55\TCITeX/fonts/type1/cmmi5.enc}<c:\swp55\TCITeX/
fonts/truetype/cmmi5.ttf>{c:\swp55\TCITeX/fonts/type1/cmmi7.enc}<c:\swp55\TCITe
X/fonts/truetype/cmmi7.ttf>{c:\swp55\TCITeX/fonts/type1/cmr10.enc}<c:\swp55\TCI
TeX/fonts/truetype/cmr10.ttf>{c:\swp55\TCITeX/fonts/type1/cmr7.enc}<c:\swp55\TC
ITeX/fonts/truetype/cmr7.ttf>{c:\swp55\TCITeX/fonts/type1/cmmi10.enc}<c:\swp55\
TCITeX/fonts/truetype/cmmi10.ttf>{c:\swp55\TCITeX/fonts/type1/cmex10.enc}<c:\sw
p55\TCITeX/fonts/truetype/cmex10.ttf>{c:\swp55\TCITeX/fonts/type1/dcr10.enc}<c:
\swp55\TCITeX/fonts/truetype/dcr10.ttf>{c:\swp55\TCITeX/fonts/type1/dcbx10.enc}
<c:\swp55\TCITeX/fonts/truetype/dcbx10.ttf>
Output written on swp0000.pdf (3 pages, 138840 bytes).
